2025-05-31 14:28:14 - INFO - Pipeline - 🚀 Starting pipeline up to feature engineering
2025-05-31 14:28:14 - INFO - Pipeline - 📥 Loading data...
2025-05-31 14:28:34 - INFO - Pipeline - ✅ Validating data...
2025-05-31 14:28:34 - INFO - Pipeline - Starting data validation process.
2025-05-31 14:33:02 - INFO - Pipeline - 🚀 Starting pipeline up to feature engineering
2025-05-31 14:33:02 - INFO - Pipeline - 📥 Loading data...
2025-05-31 14:33:33 - INFO - Pipeline - ✅ Validating data...
2025-05-31 14:33:33 - INFO - Pipeline - Starting data validation process.
2025-05-31 14:35:44 - INFO - Pipeline - 🚀 Starting pipeline up to feature engineering
2025-05-31 14:35:44 - INFO - Pipeline - 📥 Loading data...
2025-05-31 14:36:03 - INFO - Pipeline - ✅ Validating data...
2025-05-31 14:36:03 - INFO - Pipeline - Starting data validation process.
2025-05-31 14:39:18 - INFO - Pipeline - 🚀 Starting pipeline up to feature engineering
2025-05-31 14:39:18 - INFO - Pipeline - 📥 Loading data...
2025-05-31 14:39:50 - INFO - Pipeline - ✅ Validating data...
2025-05-31 14:39:50 - INFO - Pipeline - Starting data validation process.
2025-05-31 14:40:09 - INFO - Pipeline - 🚀 Starting pipeline up to feature engineering
2025-05-31 14:40:09 - INFO - Pipeline - 📥 Loading data...
2025-05-31 14:40:35 - INFO - Pipeline - ✅ Validating data...
2025-05-31 14:40:35 - INFO - Pipeline - Starting data validation process.
2025-05-31 14:41:05 - INFO - Pipeline - 🚀 Starting pipeline up to feature engineering
2025-05-31 14:41:05 - INFO - Pipeline - 📥 Loading data...
2025-05-31 14:41:25 - INFO - Pipeline - ✅ Validating data...
2025-05-31 14:41:25 - INFO - Pipeline - Starting data validation process.
2025-05-31 14:41:25 - WARNING - Pipeline - Unexpected columns found: {'ETHUSDT_funding_rate', 'SOLUSDT_price', 'BNBUSDT_funding_rate', 'SOLUSDT_funding_rate', 'BTCUSDT_price', 'XRPUSDT_price', 'ADAUSDT_funding_rate', 'ETHUSDT_price', 'ADAUSDT_price', 'BNBUSDT_price', 'BTCUSDT_funding_rate', 'timestamp', 'XRPUSDT_funding_rate'}
2025-05-31 14:41:25 - INFO - Pipeline - Validation report saved to 'reports/validation_report.json'
2025-05-31 14:41:25 - INFO - Pipeline - 🧹 Preprocessing data...
2025-05-31 14:41:25 - INFO - Pipeline - 🧠 Creating features and labels...
2025-05-31 14:49:22 - INFO - Pipeline - 🚀 Starting pipeline up to feature engineering
2025-05-31 14:49:22 - INFO - Pipeline - 📥 Loading data...
2025-05-31 14:49:42 - INFO - Pipeline - ✅ Validating data...
2025-05-31 14:49:42 - INFO - Pipeline - Starting data validation process.
2025-05-31 14:54:00 - INFO - Pipeline - 🚀 Starting pipeline up to feature engineering
2025-05-31 14:54:00 - INFO - Pipeline - 📥 Loading data...
2025-05-31 14:54:22 - INFO - Pipeline - ✅ Validating data...
2025-05-31 14:54:22 - INFO - Pipeline - Starting data validation process.
2025-05-31 14:54:22 - WARNING - Pipeline - Unexpected columns found: {'timestamp', 'BTCUSDT_price'}
2025-05-31 14:54:22 - INFO - Pipeline - Validation report saved to 'reports/validation_report.json'
2025-05-31 14:54:22 - INFO - Pipeline - 🧹 Preprocessing data...
2025-05-31 14:54:22 - INFO - Pipeline - 🧠 Creating features and labels...
2025-05-31 15:05:00 - INFO - Pipeline - 🚀 Starting pipeline up to feature engineering
2025-05-31 15:05:00 - INFO - Pipeline - 📥 Loading data...
2025-05-31 15:05:22 - INFO - Pipeline - ✅ Validating data...
2025-05-31 15:05:22 - INFO - Pipeline - Starting data validation process.
2025-05-31 15:05:22 - WARNING - Pipeline - Unexpected columns found: {'BTCUSDT_price', 'timestamp'}
2025-05-31 15:05:22 - INFO - Pipeline - Validation report saved to 'reports/validation_report.json'
2025-05-31 15:05:22 - INFO - Pipeline - 🧠 Creating features and labels...
2025-05-31 15:08:05 - INFO - Pipeline - 🚀 Starting pipeline up to feature engineering
2025-05-31 15:08:05 - INFO - Pipeline - 📥 Loading data...
2025-05-31 15:08:27 - INFO - Pipeline - ✅ Validating data...
2025-05-31 15:08:27 - INFO - Pipeline - Starting data validation process.
2025-05-31 15:08:27 - WARNING - Pipeline - Unexpected columns found: {'timestamp', 'BTCUSDT_price'}
2025-05-31 15:08:27 - INFO - Pipeline - Validation report saved to 'reports/validation_report.json'
2025-05-31 15:08:27 - INFO - Pipeline - 🧠 Creating features and labels...
2025-05-31 15:08:27 - INFO - Pipeline - 🎯 Selecting top features...
2025-05-31 15:10:11 - INFO - Pipeline - 🚀 Starting pipeline up to feature engineering
2025-05-31 15:10:11 - INFO - Pipeline - 📥 Loading data...
2025-05-31 15:10:33 - INFO - Pipeline - ✅ Validating data...
2025-05-31 15:10:33 - INFO - Pipeline - Starting data validation process.
2025-05-31 15:10:33 - WARNING - Pipeline - Unexpected columns found: {'BTCUSDT_price', 'timestamp'}
2025-05-31 15:10:33 - INFO - Pipeline - Validation report saved to 'reports/validation_report.json'
2025-05-31 15:10:33 - INFO - Pipeline - 🧠 Creating features and labels...
2025-05-31 15:10:33 - INFO - Pipeline - 🎯 Selecting top features...
2025-05-31 15:11:08 - INFO - Pipeline - 🚀 Starting pipeline up to feature engineering
2025-05-31 15:11:08 - INFO - Pipeline - 📥 Loading data...
2025-05-31 15:11:30 - INFO - Pipeline - ✅ Validating data...
2025-05-31 15:11:30 - INFO - Pipeline - Starting data validation process.
2025-05-31 15:11:30 - WARNING - Pipeline - Unexpected columns found: {'BTCUSDT_price', 'timestamp'}
2025-05-31 15:11:30 - INFO - Pipeline - Validation report saved to 'reports/validation_report.json'
2025-05-31 15:11:30 - INFO - Pipeline - 🧠 Creating features and labels...
2025-05-31 15:11:30 - INFO - Pipeline - 🎯 Selecting top features...
2025-05-31 15:12:54 - INFO - Pipeline - 🚀 Starting pipeline up to feature engineering
2025-05-31 15:12:54 - INFO - Pipeline - 📥 Loading data...
2025-05-31 15:13:16 - INFO - Pipeline - ✅ Validating data...
2025-05-31 15:13:16 - INFO - Pipeline - Starting data validation process.
2025-05-31 15:13:16 - WARNING - Pipeline - Unexpected columns found: {'timestamp', 'BTCUSDT_price'}
2025-05-31 15:13:16 - INFO - Pipeline - Validation report saved to 'reports/validation_report.json'
2025-05-31 15:13:16 - INFO - Pipeline - 🧠 Creating features and labels...
2025-05-31 15:13:16 - INFO - Pipeline - 🎯 Selecting top features...
2025-05-31 15:13:16 - INFO - Pipeline - 🧪 Preprocessing selected features...
2025-05-31 15:13:16 - INFO - Pipeline - ✅ Feature engineering and preprocessing complete.
2025-05-31 15:14:58 - INFO - Pipeline - 🚀 Starting pipeline up to feature engineering
2025-05-31 15:14:58 - INFO - Pipeline - 📥 Loading data...
2025-05-31 15:15:20 - INFO - Pipeline - ✅ Validating data...
2025-05-31 15:15:20 - INFO - Pipeline - Starting data validation process.
2025-05-31 15:15:20 - WARNING - Pipeline - Unexpected columns found: {'timestamp', 'BTCUSDT_price'}
2025-05-31 15:15:20 - INFO - Pipeline - Validation report saved to 'reports/validation_report.json'
2025-05-31 15:15:20 - INFO - Pipeline - 🧠 Creating features and labels...
2025-05-31 15:15:20 - INFO - Pipeline - 🎯 Selecting top features...
2025-05-31 15:15:20 - INFO - Pipeline - 🧪 Preprocessing selected features...
2025-05-31 15:15:20 - INFO - Pipeline - ✅ Feature engineering and preprocessing complete.
2025-05-31 15:40:50 - INFO - Pipeline - 🚀 Starting pipeline up to feature engineering
2025-05-31 15:40:50 - INFO - Pipeline - 📥 Loading data...
2025-05-31 15:41:13 - INFO - Pipeline - ✅ Validating data...
2025-05-31 15:41:13 - INFO - Pipeline - Starting data validation process.
2025-05-31 15:41:13 - WARNING - Pipeline - Unexpected columns found: {'BTCUSDT_price', 'timestamp'}
2025-05-31 15:41:13 - INFO - Pipeline - Validation report saved to 'reports/validation_report.json'
2025-05-31 15:41:13 - INFO - Pipeline - 🧠 Creating features and labels...
2025-05-31 15:41:13 - INFO - Pipeline - 🎯 Selecting top features...
2025-05-31 15:41:13 - INFO - Pipeline - 🧪 Preprocessing selected features...
2025-05-31 15:41:13 - INFO - Pipeline - ✅ Feature engineering and preprocessing complete.
2025-05-31 16:08:27 - INFO - Pipeline - 🚀 Starting pipeline up to feature engineering
2025-05-31 16:08:27 - INFO - Pipeline - 📥 Loading data...
2025-05-31 16:08:58 - INFO - Pipeline - ✅ Validating data...
2025-05-31 16:08:58 - INFO - Pipeline - Starting data validation process.
2025-05-31 16:08:58 - WARNING - Pipeline - Unexpected columns found: {'timestamp', 'BTCUSDT_price'}
2025-05-31 16:08:58 - INFO - Pipeline - Validation report saved to 'reports/validation_report.json'
2025-05-31 16:08:58 - INFO - Pipeline - 🧠 Creating features and labels...
2025-05-31 16:08:58 - INFO - Pipeline - 🎯 Selecting top features...
2025-05-31 16:08:59 - INFO - Pipeline - 🧪 Preprocessing selected features...
2025-05-31 16:08:59 - INFO - Pipeline - ✅ Feature engineering and preprocessing complete.
2025-05-31 16:08:59 - INFO - models.models - Training Linear Regression model...
2025-05-31 16:08:59 - INFO - models.models - Linear Regression Training RMSE: 4164.0945
2025-05-31 16:08:59 - INFO - models.models - Model saved to models/linear_regression.pkl
2025-05-31 16:08:59 - INFO - models.models - Training Logistic Regression model...
2025-05-31 16:10:48 - INFO - Pipeline - 🚀 Starting pipeline up to feature engineering
2025-05-31 16:10:48 - INFO - Pipeline - 📥 Loading data...
2025-05-31 16:11:08 - INFO - Pipeline - ✅ Validating data...
2025-05-31 16:11:08 - INFO - Pipeline - Starting data validation process.
2025-05-31 16:11:08 - WARNING - Pipeline - Unexpected columns found: {'BTCUSDT_price', 'timestamp'}
2025-05-31 16:11:08 - INFO - Pipeline - Validation report saved to 'reports/validation_report.json'
2025-05-31 16:11:08 - INFO - Pipeline - 🧠 Creating features and labels...
2025-05-31 16:11:08 - INFO - Pipeline - 🎯 Selecting top features...
2025-05-31 16:11:08 - INFO - Pipeline - 🧪 Preprocessing selected features...
2025-05-31 16:11:08 - INFO - Pipeline - ✅ Feature engineering and preprocessing complete.
2025-05-31 16:11:08 - INFO - models.models - Training Linear Regression model...
2025-05-31 16:11:08 - INFO - models.models - Linear Regression Training RMSE: 4164.0375
2025-05-31 16:11:08 - INFO - models.models - Model saved to models/linear_regression.pkl
2025-05-31 16:11:08 - INFO - models.models - Training Logistic Regression model...
2025-05-31 16:15:13 - INFO - Pipeline - 🚀 Starting pipeline up to feature engineering
2025-05-31 16:15:13 - INFO - Pipeline - 📥 Loading data...
2025-05-31 16:15:33 - INFO - Pipeline - ✅ Validating data...
2025-05-31 16:15:33 - INFO - Pipeline - Starting data validation process.
2025-05-31 16:15:33 - WARNING - Pipeline - Unexpected columns found: {'BTCUSDT_price', 'timestamp'}
2025-05-31 16:15:33 - INFO - Pipeline - Validation report saved to 'reports/validation_report.json'
2025-05-31 16:15:33 - INFO - Pipeline - 🧠 Creating features and labels...
2025-05-31 16:15:33 - INFO - Pipeline - 🎯 Selecting top features...
2025-05-31 16:15:33 - INFO - Pipeline - 🧪 Preprocessing selected features...
2025-05-31 16:15:33 - INFO - Pipeline - ✅ Feature engineering and preprocessing complete.
2025-05-31 16:15:33 - INFO - models.models - Training Linear Regression model...
2025-05-31 16:15:33 - INFO - models.models - Linear Regression Training RMSE: 4164.6685
2025-05-31 16:15:33 - INFO - models.models - Model saved to models/linear_regression.pkl
2025-05-31 16:15:33 - INFO - models.models - Training Logistic Regression model...
2025-05-31 16:15:33 - INFO - models.models - Logistic Regression Training ROC AUC: 0.5436
2025-05-31 16:15:33 - INFO - models.models - Model saved to models/logistic_regression.pkl
2025-05-31 16:21:39 - INFO - Pipeline - 🚀 Starting pipeline up to feature engineering
2025-05-31 16:21:39 - INFO - Pipeline - 📥 Loading data...
2025-05-31 16:23:02 - INFO - Pipeline - 🚀 Starting pipeline up to feature engineering
2025-05-31 16:23:02 - INFO - Pipeline - 📥 Loading data...
2025-05-31 16:23:25 - INFO - Pipeline - ✅ Validating data...
2025-05-31 16:23:25 - INFO - Pipeline - Starting data validation process.
2025-05-31 16:23:25 - WARNING - Pipeline - Unexpected columns found: {'timestamp', 'BTCUSDT_price'}
2025-05-31 16:23:25 - INFO - Pipeline - Validation report saved to 'reports/validation_report.json'
2025-05-31 16:23:25 - INFO - Pipeline - 🧠 Creating features and labels...
2025-05-31 16:23:25 - INFO - Pipeline - 🧪 Preprocessing features...
2025-05-31 16:23:25 - INFO - Pipeline - 🎯 Selecting top features...
2025-05-31 16:25:31 - INFO - Pipeline - 🚀 Starting pipeline up to feature engineering
2025-05-31 16:25:31 - INFO - Pipeline - 📥 Loading data...
2025-05-31 16:25:51 - INFO - Pipeline - ✅ Validating data...
2025-05-31 16:25:51 - INFO - Pipeline - Starting data validation process.
2025-05-31 16:25:51 - WARNING - Pipeline - Unexpected columns found: {'BTCUSDT_price', 'timestamp'}
2025-05-31 16:25:51 - INFO - Pipeline - Validation report saved to 'reports/validation_report.json'
2025-05-31 16:25:51 - INFO - Pipeline - 🧠 Creating features and labels...
2025-05-31 16:25:51 - INFO - Pipeline - 🧪 Preprocessing features...
2025-05-31 16:25:51 - INFO - Pipeline - 🎯 Selecting top features...
2025-05-31 16:25:51 - INFO - Pipeline - ✅ Feature engineering and preprocessing complete.
2025-05-31 16:25:51 - INFO - models.models - Training Linear Regression model...
2025-05-31 16:25:51 - INFO - models.models - Linear Regression Training RMSE: 4173.5837
2025-05-31 16:25:51 - INFO - models.models - Model saved to models/linear_regression.pkl
2025-05-31 16:25:51 - INFO - models.models - Training Logistic Regression model...
2025-05-31 16:25:51 - INFO - models.models - Logistic Regression Training ROC AUC: 0.5453
2025-05-31 16:25:51 - INFO - models.models - Model saved to models/logistic_regression.pkl
